*** ConwayCell<21,13> ***
Generation = 0, Population = 13
.............
.............
.............
.............
.............
.............
.............
.............
....*****....
.......*.....
......*......
.....*.......
....*****....
.............
.............
.............
.............
.............
.............
.............
.............

Generation = 1, Population = 17
.............
.............
.............
.............
.............
.............
.............
.....***.....
.....****....
........*....
......*......
....*........
....****.....
.....***.....
.............
.............
.............
.............
.............
.............
.............

Generation = 2, Population = 14
.............
.............
.............
.............
.............
.............
......*......
.....*..*....
.....*..*....
.....*..*....
.............
....*..*.....
....*..*.....
....*..*.....
......*......
.............
.............
.............
.............
.............
.............

Generation = 3, Population = 18
.............
.............
.............
.............
.............
.............
.............
.....***.....
....******...
.............
.............
.............
...******....
.....***.....
.............
.............
.............
.............
.............
.............
.............

Generation = 4, Population = 16
.............
.............
.............
.............
.............
.............
......*......
....*........
....*...*....
.....****....
.............
....****.....
....*...*....
........*....
......*......
.............
.............
.............
.............
.............
.............

Generation = 5, Population = 18
.............
.............
.............
.............
.............
.............
.............
.....*.......
....*.*.*....
.....****....
....*...*....
....****.....
....*.*.*....
.......*.....
.............
.............
.............
.............
.............
.............
.............

Generation = 6, Population = 16
.............
.............
.............
.............
.............
.............
.............
.....*.......
....*...*....
....*.*.**...
....*...*....
...**.*.*....
....*...*....
.......*.....
.............
.............
.............
.............
.............
.............
.............

Generation = 7, Population = 18
.............
.............
.............
.............
.............
.............
.............
.............
....*..***...
...**...**...
....*...*....
...**...**...
...***..*....
.............
.............
.............
.............
.............
.............
.............
.............

Generation = 8, Population = 18
.............
.............
.............
.............
.............
.............
.............
........*....
...**..*.*...
...***.......
.....*.*.....
.......***...
...*.*..**...
....*........
.............
.............
.............
.............
.............
.............
.............

Generation = 9, Population = 16
.............
.............
.............
.............
.............
.............
.............
........*....
...*.*..*....
...*.*..*....
.....*.*.....
....*..*.*...
....*..*.*...
....*........
.............
.............
.............
.............
.............
.............
.............

Generation = 10, Population = 14
.............
.............
.............
.............
.............
.............
.............
.............
.......***...
.....*.**....
.....*.*.....
....**.*.....
...***.......
.............
.............
.............
.............
.............
.............
.............
.............

Generation = 11, Population = 12
.............
.............
.............
.............
.............
.............
.............
........*....
......**.*...
.........*...
.....*.*.....
...*.........
...*.**......
....*........
.............
.............
.............
.............
.............
.............
.............

Generation = 12, Population = 10
.............
.............
.............
.............
.............
.............
.............
.......**....
.......*.*...
.......*.....
.............
.....*.......
...*.*.......
....**.......
.............
.............
.............
.............
.............
.............
.............

*** ConwayCell<20,29> ***
Generation = 0, Population = 22
.............................
.............................
.............................
...**........................
...*.......***......****.....
.............................
.............................
.............................
.............................
.............................
.............................
....*......*.........*.......
....**.....***......***......
.....*.......................
.............................
.............................
.............................
.............................
.............................
.............................

Generation = 4, Population = 33
.............................
.............................
.............................
...**................**......
...**......***......*..*.....
.....................**......
.............................
.............................
.............................
.............................
.............................
....**.....**.......***......
...*..*...*..*......*.*......
....**.....**.......***......
.............................
.............................
.............................
.............................
.............................
.............................

Generation = 8, Population = 45
.............................
.............................
.............................
...**................**......
...**......***......*..*.....
.....................**......
.............................
.............................
.............................
.....................*.......
....................***......
....**.....**......*.*.*.....
...*..*...*..*....***.***....
....**.....**......*.*.*.....
....................***......
.....................*.......
.............................
.............................
.............................
.............................

Generation = 12, Population = 37
.............................
.............................
.............................
...**................**......
...**......***......*..*.....
.....................**......
.............................
.............................
.....................*.......
.....................*.......
.....................*.......
....**.....**................
...*..*...*..*...***...***...
....**.....**................
.....................*.......
.....................*.......
.....................*.......
.............................
.............................
.............................

Generation = 16, Population = 37
.............................
.............................
.............................
...**................**......
...**......***......*..*.....
.....................**......
.............................
.............................
.....................*.......
.....................*.......
.....................*.......
....**.....**................
...*..*...*..*...***...***...
....**.....**................
.....................*.......
.....................*.......
.....................*.......
.............................
.............................
.............................

Generation = 20, Population = 37
.............................
.............................
.............................
...**................**......
...**......***......*..*.....
.....................**......
.............................
.............................
.....................*.......
.....................*.......
.....................*.......
....**.....**................
...*..*...*..*...***...***...
....**.....**................
.....................*.......
.....................*.......
.....................*.......
.............................
.............................
.............................

Generation = 24, Population = 37
.............................
.............................
.............................
...**................**......
...**......***......*..*.....
.....................**......
.............................
.............................
.....................*.......
.....................*.......
.....................*.......
....**.....**................
...*..*...*..*...***...***...
....**.....**................
.....................*.......
.....................*.......
.....................*.......
.............................
.............................
.............................

Generation = 28, Population = 37
.............................
.............................
.............................
...**................**......
...**......***......*..*.....
.....................**......
.............................
.............................
.....................*.......
.....................*.......
.....................*.......
....**.....**................
...*..*...*..*...***...***...
....**.....**................
.....................*.......
.....................*.......
.....................*.......
.............................
.............................
.............................

*** ConwayCell<109,69> ***
Generation = 0, Population = 35
.....................................................................
.....................................................................
.....................................................................
.....................................................................
.....................................................................
.....................................................................
.....................................................................
.....................................................................
.....................................................................
.....................................................................
.....................................................................
.....................................................................
.....................................................................
.....................................................................
.....................................................................
.....................................................................
.....................................................................
.....................................................................
.....................................................................
.....................................................................
.....................................................................
.....................................................................
.....................................................................
.....................................................................
.....................................................................
.....................................................................
.....................................................................
.....................................................................
.....................................................................
.....................................................................
.....................................................................
.....................................................................
.....................................................................
.....................................................................
..................................*..................................
..................................*..................................
..................................*..................................
..................................*..................................
..................................*..................................
.....................................................................
..................................*..................................
..................................*..................................
..................................*..................................
..................................*..................................
..................................*..................................
.....................................................................
..................................*..................................
..................................*..................................
..................................*..................................
..................................*..................................
..................................*..................................
.....................................................................
..................................*..................................
..................................*..................................
..................................*..................................
..................................*..................................
..................................*..................................
.....................................................................
..................................*..................................
..................................*..................................
..................................*..................................
..................................*..................................
..................................*..................................
.....................................................................
..................................*..................................
..................................*..................................
..................................*..................................
..................................*..................................
..................................*..................................
.....................................................................
..................................*..................................
..................................*..................................
..................................*..................................
..................................*..................................
..................................*..................................
.....................................................................
.....................................................................
.....................................................................
.....................................................................
.....................................................................
.....................................................................
.....................................................................
.....................................................................
.....................................................................
.....................................................................
.....................................................................
.....................................................................
.....................................................................
.....................................................................
.....................................................................
.....................................................................
.....................................................................
.....................................................................
.....................................................................
.....................................................................
.....................................................................
.....................................................................
.....................................................................
.....................................................................
.....................................................................
.....................................................................
.....................................................................
.....................................................................
.....................................................................
.....................................................................
.....................................................................
.....................................................................
.....................................................................
.....................................................................

Generation = 50, Population = 236
.....................................................................
.....................................................................
.....................................................................
.....................................................................
.....................................................................
.....................................................................
.....................................................................
.....................................................................
.....................................................................
.....................................................................
.....................................................................
.....................................................................
.....................................................................
.....................................................................
.....................................................................
.....................................................................
.....................................................................
.....................................................................
.....................................................................
.....................................................................
.....................................................................
.....................................................................
.....................................................................
.....................................................................
.....................................................................
.....................................................................
.....................................................................
.....................................................................
.....................................................................
.....................................................................
.....................................................................
.....................................................................
.....................................................................
.....................................................................
.....................................................................
..........................*...............*..........................
.........................***.............***.........................
........................**.**...**.**...**.**........................
.........................***....**.**....***.........................
..........................*...............*..........................
.............................***.....***.............................
.............................*.*.....*.*.............................
........................***..*..*...*..*..***........................
........................***...*..*.*..*...***........................
..............................***...***..............................
..............................***...***..............................
...........................***.*.....*.***...........................
.........................****.*.......*.****.........................
.......................****.***.......***.****.......................
.......................***.................***.......................
.....................................................................
.....................................................................
.....................................................................
........................*.....*.......*.....*........................
........................*.....*.......*.....*........................
........................*.....*.......*.....*........................
.....................................................................
.....................................................................
.....................................................................
.......................***.................***.......................
.......................****.***.......***.****.......................
.........................****.*.......*.****.........................
...........................***.*.....*.***...........................
..............................***...***..............................
..............................***...***..............................
........................***...*..*.*..*...***........................
........................***..*..*...*..*..***........................
.............................*.*.....*.*.............................
.............................***.....***.............................
..........................*...............*..........................
.........................***....**.**....***.........................
........................**.**...**.**...**.**........................
.........................***.............***.........................
..........................*...............*..........................
.....................................................................
.....................................................................
.....................................................................
.....................................................................
.....................................................................
.....................................................................
.....................................................................
.....................................................................
.....................................................................
.....................................................................
.....................................................................
.....................................................................
.....................................................................
.....................................................................
.....................................................................
.....................................................................
.....................................................................
.....................................................................
.....................................................................
.....................................................................
.....................................................................
.....................................................................
.....................................................................
.....................................................................
.....................................................................
.....................................................................
.....................................................................
.....................................................................
.....................................................................
.....................................................................
.....................................................................
.....................................................................
.....................................................................
.....................................................................
.....................................................................

Generation = 100, Population = 172
.....................................................................
.....................................................................
.....................................................................
.....................................................................
.....................................................................
.....................................................................
.....................................................................
.....................................................................
.....................................................................
.....................................................................
.....................................................................
.....................................................................
.....................................................................
.....................................................................
.....................................................................
.....................................................................
.....................................................................
.....................................................................
.....................................................................
.....................................................................
.....................................................................
.....................................................................
.....................................................................
.....................................................................
.....................................................................
.......................***.................***.......................
.....................................................................
.....................*.....*.............*.....*.....................
.....................*.....*.............*.....*.....................
.....................***...*.............*...***.....................
.......................**...................**.......................
......................*..*.................*..*......................
.....................******...............******.....................
......................*..*.................*..*......................
.......................***.................***.......................
.....................................................................
.......................*.....................*.......................
..........................*...............*..........................
.......................*.*.................*.*.......................
......................**.....................**......................
....................**..*...................*..**....................
.......................*.....................*.......................
......................*.*...................*.*......................
.......................**...................**.......................
.....................................................................
.....................................................................
.....................................................................
.....................................................................
.....................................................................
.....................................................................
.....................................................................
.....................................................................
.....................................................................
........................*.....*.......*.....*........................
........................*.....*.......*.....*........................
........................*.....*.......*.....*........................
.....................................................................
.....................................................................
.....................................................................
.....................................................................
.....................................................................
.....................................................................
.....................................................................
.....................................................................
.....................................................................
.......................**...................**.......................
......................*.*...................*.*......................
.......................*.....................*.......................
....................**..*...................*..**....................
......................**.....................**......................
.......................*.*.................*.*.......................
..........................*...............*..........................
.......................*.....................*.......................
.....................................................................
.......................***.................***.......................
......................*..*.................*..*......................
.....................******...............******.....................
......................*..*.................*..*......................
.......................**...................**.......................
.....................***...*.............*...***.....................
.....................*.....*.............*.....*.....................
.....................*.....*.............*.....*.....................
.....................................................................
.......................***.................***.......................
.....................................................................
.....................................................................
.....................................................................
.....................................................................
.....................................................................
.....................................................................
.....................................................................
.....................................................................
.....................................................................
.....................................................................
.....................................................................
.....................................................................
.....................................................................
.....................................................................
.....................................................................
.....................................................................
.....................................................................
.....................................................................
.....................................................................
.....................................................................
.....................................................................
.....................................................................
.....................................................................
.....................................................................
.....................................................................

Generation = 150, Population = 112
.....................................................................
.....................................................................
.....................................................................
.....................................................................
.....................................................................
.....................................................................
.....................................................................
.....................................................................
.....................................................................
.....................................................................
.....................................................................
.....................................................................
.....................................................................
.....................................................................
.....................................................................
.....................................................................
.....................................................................
.....................................................................
.....................................................................
.....................................................................
.....................................................................
.....................................................................
.....................................................................
.....................................................................
.....................................................................
.....................................................................
.....................................................................
.....................**.......................**.....................
...................**.*.......................*.**...................
...................**...........................**...................
...................**.*.......................*.**...................
.....................**.......................**.....................
.....................................................................
.....................................................................
......................*.......................*......................
.....................*.**...................**.*.....................
.....................*.**...................**.*.....................
......................*..*.................*..*......................
.......................**...................**.......................
.......................**...................**.......................
.....................................................................
.....................................................................
.....................................................................
.....................................................................
.....................................................................
.....................................................................
.....................................................................
.....................................................................
.....................................................................
.....................................................................
.....................................................................
.....................................................................
.....................................................................
........................*.....*.......*.....*........................
........................*.....*.......*.....*........................
........................*.....*.......*.....*........................
.....................................................................
.....................................................................
.....................................................................
.....................................................................
.....................................................................
.....................................................................
.....................................................................
.....................................................................
.....................................................................
.....................................................................
.....................................................................
.....................................................................
.....................................................................
.......................**...................**.......................
.......................**...................**.......................
......................*..*.................*..*......................
.....................*.**...................**.*.....................
.....................*.**...................**.*.....................
......................*.......................*......................
.....................................................................
.....................................................................
.....................**.......................**.....................
...................**.*.......................*.**...................
...................**...........................**...................
...................**.*.......................*.**...................
.....................**.......................**.....................
.....................................................................
.....................................................................
.....................................................................
.....................................................................
.....................................................................
.....................................................................
.....................................................................
.....................................................................
.....................................................................
.....................................................................
.....................................................................
.....................................................................
.....................................................................
.....................................................................
.....................................................................
.....................................................................
.....................................................................
.....................................................................
.....................................................................
.....................................................................
.....................................................................
.....................................................................
.....................................................................
.....................................................................
.....................................................................
.....................................................................
.....................................................................

Generation = 200, Population = 348
.....................................................................
.....................................................................
.....................................................................
.....................................................................
.....................................................................
.....................................................................
.....................................................................
.....................................................................
.....................................................................
.....................................................................
.....................................................................
.....................................................................
.....................................................................
.....................................................................
..........................*...............*..........................
..........................**.............**..........................
..................***......**...........**......***..................
.................*.........*.*.........*.*.........*.................
................**.*........***.......***........*.**................
...............*....*.**...*...*.....*...*...**.*....*...............
..............*.*****.**.***.**.......**.***.**.*****.*..............
.............*.****......*...*.........*...*......****.*.............
..............*....*.*....**.............**....*.*....*..............
..............***..........*.............*..........***..............
...............**...**.........................**...**...............
...................**...........................**...................
.....................................................................
.....................................................................
.............**.......................................**.............
............*..*.....................................*..*............
............*..*.....................................*..*............
.............**.......................................**.............
.....................................................................
.....................................................................
.....................................................................
............................*...........*............................
...........................*.*.........*.*...........................
...........................*.*.........*.*...........................
............................*...........*............................
.....................................................................
.....................................................................
.......................*.....................*.......................
......................*.*...................*.*......................
.......................**...................**.......................
.......................***.................***.......................
.........................*.................*.........................
........................***...............***........................
.....................................................................
.....................................................................
.....................................................................
.....................................................................
.....................................................................
.....................................................................
........................*.....*.......*.....*........................
........................*.....*.......*.....*........................
........................*.....*.......*.....*........................
.....................................................................
.....................................................................
.....................................................................
.....................................................................
.....................................................................
.....................................................................
........................***...............***........................
.........................*.................*.........................
.......................***.................***.......................
.......................**...................**.......................
......................*.*...................*.*......................
.......................*.....................*.......................
.....................................................................
.....................................................................
............................*...........*............................
...........................*.*.........*.*...........................
...........................*.*.........*.*...........................
............................*...........*............................
.....................................................................
.....................................................................
.....................................................................
.............**.......................................**.............
............*..*.....................................*..*............
............*..*.....................................*..*............
.............**.......................................**.............
.....................................................................
.....................................................................
...................**...........................**...................
...............**...**.........................**...**...............
..............***..........*.............*..........***..............
..............*....*.*....**.............**....*.*....*..............
.............*.****......*...*.........*...*......****.*.............
..............*.*****.**.***.**.......**.***.**.*****.*..............
...............*....*.**...*...*.....*...*...**.*....*...............
................**.*........***.......***........*.**................
.................*.........*.*.........*.*.........*.................
..................***......**...........**......***..................
..........................**.............**..........................
..........................*...............*..........................
.....................................................................
.....................................................................
.....................................................................
.....................................................................
.....................................................................
.....................................................................
.....................................................................
.....................................................................
.....................................................................
.....................................................................
.....................................................................
.....................................................................
.....................................................................
.....................................................................

Generation = 250, Population = 320
.....................................................................
.....................................................................
.....................................................................
.....................................................................
.....................................................................
.....................................................................
.....................................................................
.....................................................................
.....................................................................
.....................................................................
......................*....*.............*....*......................
.....................***...*.............*...***.....................
.....................*.**.**.............**.**.*.....................
....................*..**...................**..*....................
....................*..**...................**..*....................
....................*.....*...............*.....*....................
....................*...*.**.............**.*...*....................
.....................***..**.............**..***.....................
.....................**...**.............**...**.....................
..........................**.............**..........................
.........................**...............**.........................
............*............*.................*............*............
............*...........................................*............
............*...........................................*............
.....................................................................
.....................................................................
........***...........*.......................*...........***........
.......*...*.........*.*.....................*.*.........*...*.......
.......*...*...**...*...*...................*...*...**...*...*.......
.......*...*.**.*....*.*.....................*.*....*.**.*...*.......
........***..**.......................................**..***........
.............**.*...................................*.**.............
...............**...................................**...............
.....................................................................
.....................................................................
............................*...........*............................
...........................*.*.........*.*...........................
...........................*.*.........*.*...........................
............................*...........*............................
.....................................................................
.....................................................................
.....................................................................
.....................................................................
.....................................................................
.....................................................................
.....................................................................
.....................................................................
.....................................................................
.....................................................................
.....................................................................
.....................................................................
.....................................................................
.....................................................................
........................*.....*.......*.....*........................
........................*.....*.......*.....*........................
........................*.....*.......*.....*........................
.....................................................................
.....................................................................
.....................................................................
.....................................................................
.....................................................................
.....................................................................
.....................................................................
.....................................................................
.....................................................................
.....................................................................
.....................................................................
.....................................................................
.....................................................................
.....................................................................
............................*...........*............................
...........................*.*.........*.*...........................
...........................*.*.........*.*...........................
............................*...........*............................
.....................................................................
.....................................................................
...............**...................................**...............
.............**.*...................................*.**.............
........***..**.......................................**..***........
.......*...*.**.*....*.*.....................*.*....*.**.*...*.......
.......*...*...**...*...*...................*...*...**...*...*.......
.......*...*.........*.*.....................*.*.........*...*.......
........***...........*.......................*...........***........
.....................................................................
.....................................................................
............*...........................................*............
............*...........................................*............
............*............*.................*............*............
.........................**...............**.........................
..........................**.............**..........................
.....................**...**.............**...**.....................
.....................***..**.............**..***.....................
....................*...*.**.............**.*...*....................
....................*.....*...............*.....*....................
....................*..**...................**..*....................
....................*..**...................**..*....................
.....................*.**.**.............**.**.*.....................
.....................***...*.............*...***.....................
......................*....*.............*....*......................
.....................................................................
.....................................................................
.....................................................................
.....................................................................
.....................................................................
.....................................................................
.....................................................................
.....................................................................
.....................................................................
.....................................................................

Generation = 300, Population = 296
.....................................................................
.....................................................................
.....................................................................
....................**.........................**....................
....................**...*.................*...**....................
........................*.*...............*.*........................
........................*..*.............*..*........................
.........................**...............**.........................
.....................................................................
.....................................................................
.....................................................................
.....................................................................
.....................................................................
.....................................................................
.....................................................................
.....................................................................
.....................................................................
.......***..............***...............***..............***.......
.......*.*.................................................*.*.......
.......*..**.............................................**..*.......
.........*.............*.....................*.............*.........
.........*........*...***...................***...*........*.........
..........*..*...*...*.***.................***.*...*...*..*..........
...........***...*...*...**....*.....*....**...*...*...***...........
.................*.*.....***.............***.....*.*.................
..................*......**...............**......*..................
.......................***.................***.......................
...................*...**.....**.....**.....**...*...................
...................*...........*.....*...........*...................
.....................................................................
....***.......................................................***....
.....................................................................
.....................................................................
.....................................................................
.....................................................................
............................*...........*............................
...........................*.*.........*.*...........................
...........................*.*.........*.*...........................
............................*...........*............................
.....................................................................
.....................................................................
.....................................................................
.....................................................................
.....................................................................
.....................................................................
.....................................................................
.....................................................................
.....................................................................
.....................................................................
.....................................................................
.....................................................................
.....................................................................
.....................................................................
........................*.....*.......*.....*........................
........................*.....*.......*.....*........................
........................*.....*.......*.....*........................
.....................................................................
.....................................................................
.....................................................................
.....................................................................
.....................................................................
.....................................................................
.....................................................................
.....................................................................
.....................................................................
.....................................................................
.....................................................................
.....................................................................
.....................................................................
.....................................................................
............................*...........*............................
...........................*.*.........*.*...........................
...........................*.*.........*.*...........................
............................*...........*............................
.....................................................................
.....................................................................
.....................................................................
.....................................................................
....***.......................................................***....
.....................................................................
...................*...........*.....*...........*...................
...................*...**.....**.....**.....**...*...................
.......................***.................***.......................
..................*......**...............**......*..................
.................*.*.....***.............***.....*.*.................
...........***...*...*...**....*.....*....**...*...*...***...........
..........*..*...*...*.***.................***.*...*...*..*..........
.........*........*...***...................***...*........*.........
.........*.............*.....................*.............*.........
.......*..**.............................................**..*.......
.......*.*.................................................*.*.......
.......***..............***...............***..............***.......
.....................................................................
.....................................................................
.....................................................................
.....................................................................
.....................................................................
.....................................................................
.....................................................................
.....................................................................
.....................................................................
.........................**...............**.........................
........................*..*.............*..*........................
........................*.*...............*.*........................
....................**...*.................*...**....................
....................**.........................**....................
.....................................................................
.....................................................................
.....................................................................

Generation = 350, Population = 192
.....................................................................
.....................................................................
.....................................................................
....................**.........................**....................
....................**...*.................*...**....................
........................*.*...............*.*........................
........................*..*.............*..*........................
.........................**...............**.........................
.....................................................................
.....................................................................
.....................................................................
.....................................................................
.....................................................................
.....................................................................
.........*.................................................*.........
........*.*...............................................*.*........
........*..*.............................................*..*........
.........**...............................................**.........
.....................................................................
.....................................................................
.............*.........................................*.............
............*.*.......................................*.*............
............*.*.......................................*.*............
.............*...............*.........*...............*.............
.............................*.........*.............................
.............................*.........*.............................
.....................................................................
.........................***...***.***...***.........................
.....................................................................
.............................*.........*.............................
....***......................*.........*......................***....
.............................*.........*.............................
.....................................................................
.....................................................................
.....................................................................
............................*...........*............................
...........................*.*.........*.*...........................
...........................*.*.........*.*...........................
............................*...........*............................
.....................................................................
.....................................................................
.....................................................................
.....................................................................
.....................................................................
.....................................................................
.....................................................................
.....................................................................
.....................................................................
.....................................................................
.....................................................................
.....................................................................
.....................................................................
.....................................................................
........................*.....*.......*.....*........................
........................*.....*.......*.....*........................
........................*.....*.......*.....*........................
.....................................................................
.....................................................................
.....................................................................
.....................................................................
.....................................................................
.....................................................................
.....................................................................
.....................................................................
.....................................................................
.....................................................................
.....................................................................
.....................................................................
.....................................................................
.....................................................................
............................*...........*............................
...........................*.*.........*.*...........................
...........................*.*.........*.*...........................
............................*...........*............................
.....................................................................
.....................................................................
.....................................................................
.............................*.........*.............................
....***......................*.........*......................***....
.............................*.........*.............................
.....................................................................
.........................***...***.***...***.........................
.....................................................................
.............................*.........*.............................
.............................*.........*.............................
.............*...............*.........*...............*.............
............*.*.......................................*.*............
............*.*.......................................*.*............
.............*.........................................*.............
.....................................................................
.....................................................................
.........**...............................................**.........
........*..*.............................................*..*........
........*.*...............................................*.*........
.........*.................................................*.........
.....................................................................
.....................................................................
.....................................................................
.....................................................................
.....................................................................
.....................................................................
.........................**...............**.........................
........................*..*.............*..*........................
........................*.*...............*.*........................
....................**...*.................*...**....................
....................**.........................**....................
.....................................................................
.....................................................................
.....................................................................

Generation = 400, Population = 192
.....................................................................
.....................................................................
.....................................................................
....................**.........................**....................
....................**...*.................*...**....................
........................*.*...............*.*........................
........................*..*.............*..*........................
.........................**...............**.........................
.....................................................................
.....................................................................
.....................................................................
.....................................................................
.....................................................................
.....................................................................
.........*.................................................*.........
........*.*...............................................*.*........
........*..*.............................................*..*........
.........**...............................................**.........
.....................................................................
.....................................................................
.............*.........................................*.............
............*.*.......................................*.*............
............*.*.......................................*.*............
.............*...............*.........*...............*.............
.............................*.........*.............................
.............................*.........*.............................
.....................................................................
.........................***...***.***...***.........................
.....................................................................
.............................*.........*.............................
....***......................*.........*......................***....
.............................*.........*.............................
.....................................................................
.....................................................................
.....................................................................
............................*...........*............................
...........................*.*.........*.*...........................
...........................*.*.........*.*...........................
............................*...........*............................
.....................................................................
.....................................................................
.....................................................................
.....................................................................
.....................................................................
.....................................................................
.....................................................................
.....................................................................
.....................................................................
.....................................................................
.....................................................................
.....................................................................
.....................................................................
.....................................................................
........................*.....*.......*.....*........................
........................*.....*.......*.....*........................
........................*.....*.......*.....*........................
.....................................................................
.....................................................................
.....................................................................
.....................................................................
.....................................................................
.....................................................................
.....................................................................
.....................................................................
.....................................................................
.....................................................................
.....................................................................
.....................................................................
.....................................................................
.....................................................................
............................*...........*............................
...........................*.*.........*.*...........................
...........................*.*.........*.*...........................
............................*...........*............................
.....................................................................
.....................................................................
.....................................................................
.............................*.........*.............................
....***......................*.........*......................***....
.............................*.........*.............................
.....................................................................
.........................***...***.***...***.........................
.....................................................................
.............................*.........*.............................
.............................*.........*.............................
.............*...............*.........*...............*.............
............*.*.......................................*.*............
............*.*.......................................*.*............
.............*.........................................*.............
.....................................................................
.....................................................................
.........**...............................................**.........
........*..*.............................................*..*........
........*.*...............................................*.*........
.........*.................................................*.........
.....................................................................
.....................................................................
.....................................................................
.....................................................................
.....................................................................
.....................................................................
.........................**...............**.........................
........................*..*.............*..*........................
........................*.*...............*.*........................
....................**...*.................*...**....................
....................**.........................**....................
.....................................................................
.....................................................................
.....................................................................

*** FredkinCell<20,20> ***
Generation = 0, Population = 4
--------------------
--------------------
--------------------
--------------------
--------------------
--------------------
--------------------
--------------------
--------------------
---------00---------
---------00---------
--------------------
--------------------
--------------------
--------------------
--------------------
--------------------
--------------------
--------------------
--------------------

Generation = 1, Population = 8
--------------------
--------------------
--------------------
--------------------
--------------------
--------------------
--------------------
--------------------
---------00---------
--------0--0--------
--------0--0--------
---------00---------
--------------------
--------------------
--------------------
--------------------
--------------------
--------------------
--------------------
--------------------

Generation = 2, Population = 16
--------------------
--------------------
--------------------
--------------------
--------------------
--------------------
--------------------
---------00---------
---------11---------
-------01--10-------
-------01--10-------
---------11---------
---------00---------
--------------------
--------------------
--------------------
--------------------
--------------------
--------------------
--------------------

Generation = 3, Population = 16
--------------------
--------------------
--------------------
--------------------
--------------------
--------------------
---------00---------
--------0--0--------
-------0----0-------
------0------0------
------0------0------
-------0----0-------
--------0--0--------
---------00---------
--------------------
--------------------
--------------------
--------------------
--------------------
--------------------

Generation = 4, Population = 16
--------------------
--------------------
--------------------
--------------------
--------------------
---------00---------
---------11---------
--------------------
--------------------
-----01------10-----
-----01------10-----
--------------------
--------------------
---------11---------
---------00---------
--------------------
--------------------
--------------------
--------------------
--------------------

Generation = 5, Population = 32
--------------------
--------------------
--------------------
--------------------
---------00---------
--------0--0--------
--------0--0--------
---------00---------
-----00------00-----
----0--0----0--0----
----0--0----0--0----
-----00------00-----
---------00---------
--------0--0--------
--------0--0--------
---------00---------
--------------------
--------------------
--------------------
--------------------

Cell*** Cell<20,20> ***
Generation = 0, Population = 6
--------------------
--------------------
--------------------
--------------------
--------------------
--------------------
--------------------
--------------------
--------------------
---------00---------
--------0000--------
--------------------
--------------------
--------------------
--------------------
--------------------
--------------------
--------------------
--------------------
--------------------

Generation = 1, Population = 12
--------------------
--------------------
--------------------
--------------------
--------------------
--------------------
--------------------
--------------------
---------00---------
--------------------
-------011110-------
--------0000--------
--------------------
--------------------
--------------------
--------------------
--------------------
--------------------
--------------------
--------------------

Generation = 2, Population = 24
--------------------
--------------------
--------------------
--------------------
--------------------
--------------------
--------------------
---------00---------
--------0110--------
-------00--00-------
------01****10------
---------11---------
--------0000--------
--------------------
--------------------
--------------------
--------------------
--------------------
--------------------
--------------------

Generation = 3, Population = 32
--------------------
--------------------
--------------------
--------------------
--------------------
--------------------
---------00---------
--------------------
---------**---------
--------1001--------
-----01*....*10-----
------000**000------
-------011110-------
--------0000--------
--------------------
--------------------
--------------------
--------------------
--------------------
--------------------

Generation = 4, Population = 28
--------------------
--------------------
--------------------
--------------------
--------------------
---------00---------
--------0110--------
--------------------
---------..---------
-----00-*11*-00-----
----01*......*10----
--------1..1--------
--------------------
---------11---------
--------0000--------
--------------------
--------------------
--------------------
--------------------
--------------------

Generation = 5, Population = 52
--------------------
--------------------
--------------------
--------------------
---------00---------
--------------------
-------01**10-------
--------0000--------
-----00-0**0-00-----
--------.--.--------
---01**.*..*.**10---
----0000-..-0000----
--------0000--------
--------------------
-------011110-------
--------0000--------
--------------------
--------------------
--------------------
--------------------

